<?xml version="1.0" encoding="UTF-8"?>
<testng-results skipped="0" failed="0" ignored="0" total="1" passed="1">
  <reporter-output>
  </reporter-output>
  <suite name="Default suite" duration-ms="15744" started-at="2020-05-09T18:37:13 IST" finished-at="2020-05-09T18:37:29 IST">
    <groups>
    </groups>
    <test name="Default test" duration-ms="15744" started-at="2020-05-09T18:37:13 IST" finished-at="2020-05-09T18:37:29 IST">
      <class name="Mavenofficeproject.ResumeApplication">
        <test-method status="PASS" signature="commonnavigation()[pri:0, instance:Mavenofficeproject.ResumeApplication@5fbe4146]" name="commonnavigation" is-config="true" duration-ms="11736" started-at="2020-05-09T18:37:13 IST" finished-at="2020-05-09T18:37:25 IST">
          <reporter-output>
          </reporter-output>
        </test-method> <!-- commonnavigation -->
        <test-method status="PASS" signature="userInfoResumeApp()[pri:0, instance:Mavenofficeproject.ResumeApplication@5fbe4146]" name="userInfoResumeApp" duration-ms="3939" started-at="2020-05-09T18:37:25 IST" finished-at="2020-05-09T18:37:29 IST">
          <reporter-output>
          </reporter-output>
        </test-method> <!-- userInfoResumeApp -->
      </class> <!-- Mavenofficeproject.ResumeApplication -->
    </test> <!-- Default test -->
  </suite> <!-- Default suite -->
</testng-results>
